Arguments: 
  C:\Program Files\nodejs\node.exe C:\Program Files (x86)\Yarn\bin\yarn.js add moment

PATH: 
  C:\Program Files\Git\mingw64\bin;C:\Program Files\Git\usr\bin;C:\Users\kpark\bin;C:\ProgramData\DockerDesktop\version-bin;C:\Program Files\Docker\Docker\Resources\bin;C:\Windows\system32;C:\Windows;C:\Windows\System32\Wbem;C:\Windows\System32\WindowsPowerShell\v1.0;C:\Windows\System32\OpenSSH;C:\Program Files\Git\cmd;C:\Program Files (x86)\Yarn\bin;C:\Program Files\nodejs;C:\Users\kpark\AppData\Local\Microsoft\WindowsApps;C:\Users\kpark\AppData\Local\Programs\Microsoft VS Code\bin;C:\Users\kpark\AppData\Local\Yarn\bin;C:\Users\kpark\AppData\Roaming\npm

Yarn version: 
  1.19.0

Node version: 
  10.16.3

Platform: 
  win32 x64

Trace: 
  Error: EPERM: operation not permitted, unlink 'C:\hotb\black-dashboard-react-master\node_modules\node-sass\vendor\win32-x64-64\binding.node'

npm manifest: 
  {
    "name": "black-dashboard-react",
    "version": "1.0.0",
    "private": true,
    "proxy" : "https://na1.api.riotgames.com",
    "dependencies": {
      "@emotion/core": "^10.0.22",
      "@emotion/styled": "^10.0.23",
      "@types/react": "16.4.16",
      "axios": "^0.19.0",
      "bootstrap": "4.1.3",
      "chart.js": "^2.7.2",
      "classnames": "2.2.6",
      "history": "4.7.2",
      "node-sass": "4.9.3",
      "perfect-scrollbar": "1.4.0",
      "prop-types": "^15.6.2",
      "react": "16.5.2",
      "react-chartjs-2": "^2.7.4",
      "react-dom": "16.5.2",
      "react-google-maps": "9.4.5",
      "react-notification-alert": "0.0.8",
      "react-router-dom": "4.3.1",
      "react-scripts": "2.0.4",
      "reactstrap": "6.5.0"
    },
    "scripts": {
      "start": "react-scripts start",
      "build": "react-scripts build",
      "test": "react-scripts test --env=jsdom",
      "eject": "react-scripts eject",
      "install:clean": "rm -rf node_modules/ && rm -rf package-lock.json && npm install && npm start",
      "compile-scss": "node-sass src/assets/scss/black-dashboard-react.scss src/assets/css/black-dashboard-react.css"
    },
    "eslintConfig": {
      "extends": "react-app"
    },
    "browserslist": [
      ">0.2%",
      "not dead",
      "not ie <= 11",
      "not op_mini all"
    ]
  }

yarn manifest: 
  No manifest

Lockfile: 
  No lockfile
